<?xml version="1.0" encoding="UTF-8"?>
<!-- Generated by org.testng.reporters.JUnitReportReporter -->
<testsuite skipped="0" hostname="DESKTOP-5O7EG3Q" name="testNg.providers" tests="2" failures="0" timestamp="2022-11-11T22:29:06 PST" time="0.030" errors="0">
  <testcase name="datap" time="0.015" classname="testNg.providers"/>
  <system-out/>
  <testcase name="datap" time="0.015" classname="testNg.providers"/>
  <system-out/>
</testsuite> <!-- testNg.providers -->
